[Tue 11/18/2025 22:37:15.33] === BẮT ĐẦU CHU TRÌNH === 
[Tue 11/18/2025 22:37:15.34] === KẾT THÚC CHU TRÌNH === 
[Tue 11/18/2025 22:37:18.84] === BẮT ĐẦU CHU TRÌNH === 
[Tue 11/18/2025 22:37:18.85] === KẾT THÚC CHU TRÌNH === 
[Tue 11/18/2025 22:44:05.89] === BẮT ĐẦU CHU TRÌNH === 
[Tue 11/18/2025 22:44:05.89] === KẾT THÚC CHU TRÌNH === 
[Tue 11/18/2025 22:57:47.60] === BẮT ĐẦU CHU TRÌNH === 
[Tue 11/18/2025 22:57:47.60] === KẾT THÚC CHU TRÌNH === 
[Wed 11/19/2025  5:40:34.62] === BẮT ĐẦU CHU TRÌNH === 
[Wed 11/19/2025  5:40:34.62] === KẾT THÚC CHU TRÌNH === 
[Wed 11/19/2025  5:42:39.86] === BẮT ĐẦU CHU TRÌNH === 
[Wed 11/19/2025  5:42:39.86] === KẾT THÚC CHU TRÌNH === 
[Wed 11/19/2025  5:43:53.75] === BẮT ĐẦU CHU TRÌNH === 
[Wed 11/19/2025  5:43:53.75] === KẾT THÚC CHU TRÌNH === 
[Wed 11/19/2025  5:46:09.92] === BẮT ĐẦU CHU TRÌNH === 
[Wed 11/19/2025  5:46:09.92] === KẾT THÚC CHU TRÌNH === 
[Wed 11/19/2025  5:47:45.91] === BẮT ĐẦU CHU TRÌNH === 
[Wed 11/19/2025  5:47:45.91] === KẾT THÚC CHU TRÌNH === 
[Wed 11/19/2025  5:49:27.07] === BẮT ĐẦU CHU TRÌNH === 
[Wed 11/19/2025  5:49:27.16] === KẾT THÚC CHU TRÌNH === 
[Wed 11/19/2025  5:49:46.74] === BẮT ĐẦU CHU TRÌNH === 
[Wed 11/19/2025  5:49:46.84] === KẾT THÚC CHU TRÌNH === 
[Fri 11/21/2025 19:51:42.74] === BẮT ĐẦU CHU TRÌNH === 
[Fri 11/21/2025 19:51:42.87] === KẾT THÚC CHU TRÌNH === 
