2025-11-21 21:41:22,545 - INFO - === Bắt đầu crawl dữ liệu laptop ===
2025-11-21 21:41:22,545 - INFO - Đang crawl site: cellphones
2025-11-21 21:41:26,438 - INFO - [cellphones] từ sitemap: 300 URL sản phẩm
2025-11-21 21:41:26,590 - WARNING - GET non-200 or empty: https://cellphones.com.vn/laptop (404)
2025-11-21 21:41:26,721 - WARNING - GET non-200 or empty: https://cellphones.com.vn/laptop?p=2 (404)
2025-11-21 21:41:26,826 - WARNING - GET non-200 or empty: https://cellphones.com.vn/laptop?p=3 (404)
2025-11-21 21:41:26,921 - WARNING - GET non-200 or empty: https://cellphones.com.vn/laptop?p=4 (404)
2025-11-21 21:41:27,042 - WARNING - GET non-200 or empty: https://cellphones.com.vn/laptop?p=5 (404)
2025-11-21 21:41:27,153 - WARNING - GET non-200 or empty: https://cellphones.com.vn/laptop?p=6 (404)
2025-11-21 21:41:27,312 - WARNING - GET non-200 or empty: https://cellphones.com.vn/laptop?p=7 (404)
2025-11-21 21:41:27,423 - WARNING - GET non-200 or empty: https://cellphones.com.vn/laptop?p=8 (404)
2025-11-21 21:41:27,423 - INFO - [cellphones] từ danh mục: +0 URL sản phẩm (seed: https://cellphones.com.vn/laptop/)
2025-11-21 21:41:27,423 - INFO - [cellphones] Tổng URL ứng viên cuối: 300
2025-11-21 21:41:28,716 - WARNING - Connection pool is full, discarding connection: cellphones.com.vn. Connection pool size: 10
2025-11-21 21:41:28,796 - WARNING - Connection pool is full, discarding connection: cellphones.com.vn. Connection pool size: 10
2025-11-21 21:41:30,605 - INFO - DROP no_price: https://cellphones.com.vn/man-hinh-gaming-msi-g255f-25-inch-cu-dep.html
2025-11-21 21:41:30,783 - INFO - DROP no_price: https://cellphones.com.vn/dien-thoai-oppo-a5i-4gb-128gb-cu-dep.html
2025-11-21 21:41:30,866 - INFO - DROP no_price: https://cellphones.com.vn/laptop-dell-inspiron-15-3530-j9xfd-cu-xuoc-can.html
2025-11-21 21:41:30,920 - INFO - DROP no_price: https://cellphones.com.vn/dien-thoai-samsung-galaxy-a17-4gb-128gb-cu-da-kich-hoat.html
2025-11-21 21:41:31,124 - INFO - DROP no_price: https://cellphones.com.vn/dien-thoai-samsung-galaxy-z-fold-7-12gb-512gb-cu-tray-xuoc.html
2025-11-21 21:41:31,194 - INFO - DROP no_price: https://cellphones.com.vn/loa-party-alpha-works-genbeat-120.html
2025-11-21 21:41:31,255 - INFO - DROP no_price: https://cellphones.com.vn/laptop-lenovo-thinkbook-16-g8-irl-cu-dep.html
2025-11-21 21:41:32,408 - WARNING - Connection pool is full, discarding connection: cellphones.com.vn. Connection pool size: 10
2025-11-21 21:41:32,922 - INFO - DROP no_price: https://cellphones.com.vn/laptop-dell-vostro-3530-2h1tpi5-16gb-cu-tray-xuoc.html
2025-11-21 21:41:33,245 - INFO - DROP no_price: https://cellphones.com.vn/dong-ho-thong-minh-amazfit-active-2-premium-sapphire-day-da-cu-dep.html
2025-11-21 21:41:33,456 - INFO - DROP no_price: https://cellphones.com.vn/laptop-acer-swift-edge-14-ai-sfe14-51t-52kd.html
2025-11-21 21:41:33,679 - INFO - DROP no_price: https://cellphones.com.vn/tay-cam-chong-rung-dji-om-5-se-cu-da-kich-hoat.html
2025-11-21 21:41:33,790 - INFO - DROP no_price: https://cellphones.com.vn/tai-nghe-bluetooth-chup-tai-edifier-evobuds.html
2025-11-21 21:41:34,172 - INFO - DROP no_price: https://cellphones.com.vn/cap-innostyle-powerflex-type-c-to-c-100w-2m-icc200.html
2025-11-21 21:41:34,506 - INFO - DROP no_price: https://cellphones.com.vn/may-tinh-bang-teclast-t50-plus-8gb-256gb-cu-da-kich-hoat.html
2025-11-21 21:41:35,462 - WARNING - Connection pool is full, discarding connection: cellphones.com.vn. Connection pool size: 10
2025-11-21 21:41:35,645 - INFO - DROP no_price: https://cellphones.com.vn/may-cao-rau-kho-va-uot-philips-s5880-20-cu.html
2025-11-21 21:41:35,752 - INFO - DROP no_price: https://cellphones.com.vn/man-hinh-gaming-msi-mag-255f-e20-25-inch-cu-dep.html
2025-11-21 21:41:36,021 - INFO - DROP no_price: https://cellphones.com.vn/loa-party-alpha-works-genbeat-520.html
2025-11-21 21:41:36,286 - INFO - DROP no_price: https://cellphones.com.vn/hub-chuyen-doi-anker-7-in-1-usb-c-a83d2.html
2025-11-21 21:41:36,590 - INFO - DROP no_price: https://cellphones.com.vn/dong-ho-dinh-vi-tre-em-wonlex-ct24-cu-tray-xuoc.html
2025-11-21 21:41:36,653 - INFO - DROP no_price: https://cellphones.com.vn/may-in-laser-mau-brother-hl-3280cdw.html
2025-11-21 21:41:36,980 - INFO - DROP no_price: https://cellphones.com.vn/gia-treo-tivi-di-dong-gl-ava1800-1pg.html
2025-11-21 21:41:36,996 - INFO - DROP no_price: https://cellphones.com.vn/tram-sac-du-phong-ecoflow-trail-200-dc-192wh-220w.html
2025-11-21 21:41:37,369 - INFO - DROP no_price: https://cellphones.com.vn/man-hinh-dell-s2421hn-24-inch-cu-dep.html
2025-11-21 21:41:37,425 - INFO - DROP no_price: https://cellphones.com.vn/loa-karaoke-xach-tay-paramax-sonus-r.html
2025-11-21 21:41:37,443 - INFO - DROP no_price: https://cellphones.com.vn/sim-5g-viettel-12t5g180b-6gb-ngay.html
2025-11-21 21:41:37,507 - INFO - DROP no_price: https://cellphones.com.vn/dien-thoai-xiaomi-redmi-turbo-3-12gb-256gb-cu-xuoc-can.html
2025-11-21 21:41:37,568 - INFO - DROP no_price: https://cellphones.com.vn/laptop-acer-aspire-lite-16-gen-2-al16-52p-572a-cu-da-kich-hoat.html
2025-11-21 21:41:38,118 - INFO - DROP no_price: https://cellphones.com.vn/tai-nghe-co-day-edifier-p230-usb-c.html
2025-11-21 21:41:38,242 - INFO - DROP no_price: https://cellphones.com.vn/pin-sac-du-phong-movespeed-magnetic-slim-10000mah-22-5w-s10plus.html
2025-11-21 21:41:38,601 - INFO - DROP no_price: https://cellphones.com.vn/apple-watch-series-11-46mm-ch-cu-da-kich-hoat.html
2025-11-21 21:41:38,765 - INFO - DROP no_price: https://cellphones.com.vn/laptop-hp-victus-15-fa2731tx-b85lnpa-cu-da-kich-hoat.html
2025-11-21 21:41:38,808 - INFO - DROP no_price: https://cellphones.com.vn/dien-thoai-samsung-galaxy-a26-cu-xuoc-can.html
2025-11-21 21:41:38,849 - INFO - DROP no_price: https://cellphones.com.vn/laptop-gigabyte-g6-kf-73vn854kh-cu-dep.html
2025-11-21 21:41:38,849 - INFO - DROP no_price: https://cellphones.com.vn/vong-giu-dien-thoai-uag-monarch-magnetic-2.html
2025-11-21 21:41:38,907 - INFO - DROP no_price: https://cellphones.com.vn/cu-sac-innostyle-gocharge-20w-pd-pps-gc20.html
2025-11-21 21:41:38,931 - INFO - DROP no_price: https://cellphones.com.vn/laptop-acer-gaming-aspire-7-a715-59g-73lb-16gb-cu-tray-xuoc.html
2025-11-21 21:41:38,959 - INFO - DROP no_price: https://cellphones.com.vn/laptop-msi-cyborg-15-a13vek-2089vn.html
2025-11-21 21:41:39,114 - INFO - DROP no_price: https://cellphones.com.vn/loa-karaoke-xach-tay-paramax-sonus.html
2025-11-21 21:41:39,670 - INFO - DROP no_price: https://cellphones.com.vn/laptop-acer-nitro-v-anv15-41-r2up-cu-dep.html
2025-11-21 21:41:39,780 - INFO - DROP no_price: https://cellphones.com.vn/laptop-dell-inspiron-14-5440-n5440-c7u165w11ibd2.html
2025-11-21 21:41:39,936 - INFO - DROP no_price: https://cellphones.com.vn/loa-party-alpha-works-genbeat-100.html
2025-11-21 21:41:40,099 - INFO - DROP no_price: https://cellphones.com.vn/oppo-a5-2025-6gb-128gb-cu-dep.html
2025-11-21 21:41:40,254 - INFO - DROP no_price: https://cellphones.com.vn/apple-macbook-air-13-m4-10cpu-10gpu-16gb-512gb-2025-cu-xuoc-can.html
2025-11-21 21:41:40,273 - INFO - DROP no_price: https://cellphones.com.vn/hub-chuyen-doi-hyperdrive-net-type-c-6-in-2-gn28n.html
2025-11-21 21:41:40,346 - INFO - DROP no_price: https://cellphones.com.vn/may-tinh-bang-teclast-m50-plus-cu-xuoc-can.html
2025-11-21 21:41:40,374 - INFO - DROP no_price: https://cellphones.com.vn/dien-thoai-tecno-camon-40-pro-8gb-256gb-cu-xuoc-can.html
2025-11-21 21:41:40,425 - INFO - DROP no_price: https://cellphones.com.vn/may-tinh-bang-samsung-galaxy-tab-a11-wifi-cu-xuoc-can.html
2025-11-21 21:41:40,521 - INFO - DROP no_price: https://cellphones.com.vn/dien-thoai-oppo-reno14-f-cu-xuoc-can.html
2025-11-21 21:41:40,544 - INFO - DROP no_price: https://cellphones.com.vn/apple-airpods-max-2021-cu-dep.html
2025-11-21 21:41:40,663 - INFO - DROP no_price: https://cellphones.com.vn/pin-sac-du-phong-movespeed-10000mah-35w-1a1c-msp13.html
2025-11-21 21:41:41,177 - INFO - DROP no_price: https://cellphones.com.vn/dien-thoai-nothing-phone-3a-cu-tray-xuoc.html
2025-11-21 21:41:41,244 - INFO - DROP no_price: https://cellphones.com.vn/dien-thoai-infinix-note-50-8gb-256gb-cu-dep.html
2025-11-21 21:41:41,324 - INFO - DROP no_price: https://cellphones.com.vn/laptop-hp-15-fd0306tu-a2nl7pa-cu-da-kich-hoat.html
2025-11-21 21:41:41,551 - INFO - DROP no_price: https://cellphones.com.vn/may-tinh-bang-honor-pad-10.html
2025-11-21 21:41:41,676 - INFO - DROP no_price: https://cellphones.com.vn/laptop-msi-prestige-13-ai-ukiyoe-edition-a2vmg-075vn.html
2025-11-21 21:41:41,718 - INFO - DROP no_price: https://cellphones.com.vn/cap-innostyle-digipower-type-c-to-lightning-pd-30w-cl301.html
2025-11-21 21:41:41,755 - INFO - DROP no_price: https://cellphones.com.vn/cu-sac-baseus-enerfill-2c1a-pd-100w-chan-gap-us-fe11.html
2025-11-21 21:41:41,846 - INFO - DROP no_price: https://cellphones.com.vn/loa-vi-tinh-edifier-m90.html
2025-11-21 21:41:41,877 - INFO - DROP no_price: https://cellphones.com.vn/hub-chuyen-doi-hyperdrive-flex-type-c-8-in-1-hd4102.html
2025-11-21 21:41:41,899 - INFO - DROP no_price: https://cellphones.com.vn/dien-thoai-honor-x9d.html
2025-11-21 21:41:41,948 - INFO - DROP no_price: https://cellphones.com.vn/kinh-cuong-luc-xiaomi-redmi-pad-2-pro-zeelot-solidsleek-full.html
2025-11-21 21:41:42,120 - INFO - DROP no_price: https://cellphones.com.vn/man-hinh-philips-25e2g2200-25-inch.html
2025-11-21 21:41:42,656 - INFO - DROP no_price: https://cellphones.com.vn/dong-ho-thong-minh-huawei-watch-fit-3-cao-su-cu-xuoc-can.html
2025-11-21 21:41:42,757 - INFO - DROP no_price: https://cellphones.com.vn/ipad-air-m3-11-inch-512gb-cu-dep.html
2025-11-21 21:41:42,836 - INFO - DROP no_price: https://cellphones.com.vn/may-in-laser-mau-brother-dcp-3560cdw.html
2025-11-21 21:41:43,025 - INFO - DROP no_price: https://cellphones.com.vn/loa-karaoke-xach-tay-paramax-saga.html
2025-11-21 21:41:43,127 - INFO - DROP no_price: https://cellphones.com.vn/laptop-acer-predator-triton-neo-16-ptn16-51-78jq.html
2025-11-21 21:41:43,142 - INFO - DROP no_price: https://cellphones.com.vn/may-tinh-bang-samsung-galaxy-tab-s10-fe-5g-cu-xuoc-can.html
2025-11-21 21:41:43,161 - INFO - DROP no_price: https://cellphones.com.vn/cap-belkin-hdmi-1-4-4k-120hz-ma-vang-24k-2m.html
2025-11-21 21:41:43,210 - INFO - DROP no_price: https://cellphones.com.vn/dien-thoai-honor-400-5g-12gb-512gb-cu-da-kich-hoat.html
2025-11-21 21:41:43,231 - INFO - DROP no_price: https://cellphones.com.vn/laptop-acer-swift-go-14-ai-sfg14-75-5264.html
2025-11-21 21:41:43,434 - INFO - DROP no_price: https://cellphones.com.vn/mainboard-gigabyte-b860m-k-ddr5.html
2025-11-21 21:41:43,484 - INFO - DROP no_price: https://cellphones.com.vn/dien-thoai-oppo-find-x9-cu-da-kich-hoat.html
2025-11-21 21:41:43,551 - INFO - DROP no_price: https://cellphones.com.vn/cu-sac-innostyle-gocharge-2c1a-65w-ic65.html
2025-11-21 21:41:43,981 - INFO - DROP no_price: https://cellphones.com.vn/kinh-cuong-luc-xiaomi-poco-f8-pro-zeelot-solidsleek-full.html
2025-11-21 21:41:44,074 - INFO - DROP no_price: https://cellphones.com.vn/laptop-lenovo-yoga-slim-7-14imh9-83cv00dkvn-cu-da-kich-hoat.html
2025-11-21 21:41:44,264 - INFO - DROP no_price: https://cellphones.com.vn/vivo-y100-128gb-cu-xuoc-can.html
2025-11-21 21:41:44,550 - INFO - DROP no_price: https://cellphones.com.vn/laptop-acer-gaming-nitro-v-15-propanel-anv15-52-59rr.html
2025-11-21 21:41:44,559 - INFO - DROP no_price: https://cellphones.com.vn/op-lung-iphone-16e-15-13-14-tgvis-len-with-magsafe-clear.html
2025-11-21 21:41:44,561 - INFO - DROP no_price: https://cellphones.com.vn/laptop-acer-aspire-5-a515-58p-71ej.html
2025-11-21 21:41:44,644 - INFO - DROP no_price: https://cellphones.com.vn/pin-sac-du-phong-movespeed-magnetic-ultra-slim-5000mah-20w-s05.html
2025-11-21 21:41:44,686 - INFO - DROP no_price: https://cellphones.com.vn/camera-thang-may-hikvision-4mp-co-tieng.html
2025-11-21 21:41:44,719 - INFO - DROP no_price: https://cellphones.com.vn/laptop-msi-cyborg-15-a13uc-2088vn.html
2025-11-21 21:41:44,862 - INFO - DROP no_price: https://cellphones.com.vn/gia-do-laptop-macbook-wiwu-zm-902.html
2025-11-21 21:41:44,913 - INFO - DROP no_price: https://cellphones.com.vn/op-lung-xiaomi-15t-pro-likgus-pu-clear.html
2025-11-21 21:41:45,041 - INFO - DROP no_price: https://cellphones.com.vn/laptop-lenovo-thinkpad-e14-gen-7-21t90021va-cu-da-kich-hoat.html
2025-11-21 21:41:45,359 - INFO - DROP no_price: https://cellphones.com.vn/laptop-acer-gaming-predator-helios-16-ai-ph16-73-93hd.html
2025-11-21 21:41:45,522 - INFO - DROP no_price: https://cellphones.com.vn/apple-watch-series-10-46mm-gbs-vien-nhom-day-vai-cu-tray-xuoc.html
2025-11-21 21:41:45,571 - INFO - DROP no_price: https://cellphones.com.vn/dien-thoai-samsung-galaxy-a17-5g-cu-tray-xuoc.html
2025-11-21 21:41:45,875 - INFO - DROP no_price: https://cellphones.com.vn/dien-thoai-oppo-find-x8-12gb-256gb-cu-dep.html
2025-11-21 21:41:45,976 - INFO - DROP no_price: https://cellphones.com.vn/router-wifi-7-tp-link-archer-be220-be3600-bang-tan-kep.html
2025-11-21 21:41:46,003 - INFO - DROP no_price: https://cellphones.com.vn/laptop-asus-tuf-gaming-f16-fx607ju-n3139w-cu-dep.html
2025-11-21 21:41:46,040 - INFO - DROP no_price: https://cellphones.com.vn/loa-party-alpha-works-genbeat-510.html
2025-11-21 21:41:46,124 - INFO - DROP no_price: https://cellphones.com.vn/vi-magsafe-iphone-uag-metropolis-pu.html
2025-11-21 21:41:46,194 - INFO - DROP no_price: https://cellphones.com.vn/dien-thoai-xiaomi-redmi-15-5g-8gb-256gb.html
2025-11-21 21:41:46,246 - INFO - DROP no_price: https://cellphones.com.vn/op-lung-xiaomi-15t-likgus-pu-clear.html
2025-11-21 21:41:46,350 - INFO - DROP no_price: https://cellphones.com.vn/laptop-acer-aspire-ai-a14-61m-r9ra.html
2025-11-21 21:41:46,554 - INFO - DROP no_price: https://cellphones.com.vn/lot-chuot-havit-hv-mp830.html
2025-11-21 21:41:46,931 - INFO - DROP no_price: https://cellphones.com.vn/dong-ho-thong-minh-coros-apex-4-42mm.html
2025-11-21 21:41:46,981 - INFO - DROP no_price: https://cellphones.com.vn/bo-sac-baseus-enercore-2c-45w-kem-cap-usb-c-rut-gon-cj11.html
2025-11-21 21:41:47,024 - INFO - DROP no_price: https://cellphones.com.vn/dong-ho-dinh-vi-tre-em-myalo-k64-cu-xuoc-can.html
2025-11-21 21:41:47,267 - INFO - DROP no_price: https://cellphones.com.vn/camera-hanh-trinh-insta-360-ace-pro-2-ch-cu-da-kich-hoat.html
2025-11-21 21:41:47,296 - INFO - DROP no_price: https://cellphones.com.vn/oppo-a17-6gb-128gb-cu-tray-xuoc.html
2025-11-21 21:41:47,343 - INFO - DROP no_price: https://cellphones.com.vn/dien-thoai-tecno-spark-40-pro-plus-8gb-256gb-cu-dep.html
2025-11-21 21:41:47,534 - INFO - DROP no_price: https://cellphones.com.vn/dien-thoai-meizu-mblu-22-pro-cu-da-kich-hoat.html
2025-11-21 21:41:47,573 - INFO - DROP no_price: https://cellphones.com.vn/qua-tang-dung-cu-massage-hinh-trai-tim-lixibox.html
2025-11-21 21:41:47,586 - INFO - DROP no_price: https://cellphones.com.vn/ipad-air-6-m2-13-inch-512gb-5g-cu-dep.html
2025-11-21 21:41:47,791 - INFO - DROP no_price: https://cellphones.com.vn/sim-5g-viettel-5g180b-6gb-ngay.html
2025-11-21 21:41:47,814 - INFO - DROP no_price: https://cellphones.com.vn/samsung-galaxy-z-flip-6-512gb-cu-xuoc-can.html
2025-11-21 21:41:47,929 - INFO - DROP no_price: https://cellphones.com.vn/pin-sac-du-phong-movespeed-magnetic-ultra-slim-10000mah-20w-s10.html
2025-11-21 21:41:48,200 - INFO - DROP no_price: https://cellphones.com.vn/ban-phim-thong-minh-huawei-matepad-11-5.html
2025-11-21 21:41:48,449 - INFO - DROP no_price: https://cellphones.com.vn/loa-karaoke-xach-tay-paramax-aura.html
2025-11-21 21:41:48,511 - INFO - DROP no_price: https://cellphones.com.vn/laptop-hp-pavilion-x360-14-ek0132tu-7c0w4pa-cu-tray-xuoc.html
2025-11-21 21:41:48,534 - INFO - DROP no_price: https://cellphones.com.vn/man-hinh-philips-24e2n1500-24-inch.html
2025-11-21 21:41:48,849 - INFO - DROP no_price: https://cellphones.com.vn/vivo-v60-5g-12gb-512gb-cu-tray-xuoc.html
2025-11-21 21:41:48,884 - INFO - DROP no_price: https://cellphones.com.vn/pin-sac-du-phong-movespeed-70000mah-35w-nhieu-cong-z70se.html
2025-11-21 21:41:48,919 - INFO - DROP no_price: https://cellphones.com.vn/dien-thoai-samsung-galaxy-a26-8gb-256gb-cu-dep.html
2025-11-21 21:41:48,941 - INFO - DROP no_price: https://cellphones.com.vn/laptop-lenovo-loq-15arp9-83jc00hxvn-cu-tray-xuoc.html
2025-11-21 21:41:49,058 - INFO - DROP no_price: https://cellphones.com.vn/hub-chuyen-doi-hyperdrive-flex-type-c-5-in-1-hd4101.html
2025-11-21 21:41:49,118 - INFO - DROP no_price: https://cellphones.com.vn/loa-vi-tinh-edifier-r30bt.html
2025-11-21 21:41:49,156 - INFO - DROP no_price: https://cellphones.com.vn/dong-ho-thong-minh-itel-isw-o11-cu-dep.html
2025-11-21 21:41:49,405 - INFO - DROP no_price: https://cellphones.com.vn/may-anh-canon-eos-r100-cu.html
2025-11-21 21:41:49,769 - INFO - DROP no_price: https://cellphones.com.vn/kinh-cuong-luc-xiaomi-15t-15t-pro-mipow-full.html
2025-11-21 21:41:49,805 - INFO - DROP no_price: https://cellphones.com.vn/pin-sac-du-phong-innostyle-transimini-flexcharge-10-000mah-30w-kem-cap-usb-c.html
2025-11-21 21:41:49,833 - INFO - DROP no_price: https://cellphones.com.vn/loa-party-alpha-works-genbeat-110.html
2025-11-21 21:41:50,048 - INFO - DROP no_price: https://cellphones.com.vn/cap-hyperdrive-type-c-240w-40gbbps-1-2m-hd6500.html
2025-11-21 21:41:50,139 - INFO - DROP no_price: https://cellphones.com.vn/dien-thoai-honor-play-10.html
2025-11-21 21:41:50,280 - INFO - DROP no_price: https://cellphones.com.vn/laptop-lenovo-loq-15iax9-83gs00dbvn-cu-tray-xuoc.html
2025-11-21 21:41:50,283 - INFO - DROP no_price: https://cellphones.com.vn/laptop-msi-modern-15-h-ai-c2hmg-220vn.html
2025-11-21 21:41:50,405 - INFO - DROP no_price: https://cellphones.com.vn/rog-xbox-ally-x-cu-da-kich-hoat.html
2025-11-21 21:41:50,513 - INFO - DROP no_price: https://cellphones.com.vn/laptop-asus-tuf-gaming-a15-fa506nfr-hn075w-cu-tray-xuoc.html
2025-11-21 21:41:50,545 - INFO - DROP no_price: https://cellphones.com.vn/pin-sac-du-phong-golf-20000mah-22-5w-p52.html
2025-11-21 21:41:50,675 - INFO - DROP no_price: https://cellphones.com.vn/laptop-acer-swift-x-ai-oled-sfx14-72g-77f9.html
2025-11-21 21:41:51,020 - INFO - DROP no_price: https://cellphones.com.vn/laptop-asus-gaming-v16-v3607vu-rp216w-cu-dep.html
2025-11-21 21:41:51,128 - INFO - DROP no_price: https://cellphones.com.vn/dien-thoai-oppo-a5i-6gb-128gb-cu-tray-xuoc.html
2025-11-21 21:41:51,158 - INFO - DROP no_price: https://cellphones.com.vn/tai-nghe-chup-tai-khong-day-baseus-bowie-mh1-anc.html
2025-11-21 21:41:51,263 - INFO - DROP no_price: https://cellphones.com.vn/ban-phim-co-aula-s2022-pro-den.html
2025-11-21 21:41:51,384 - INFO - DROP no_price: https://cellphones.com.vn/camera-hanh-dong-dji-action-5-pro-standard-cu.html
2025-11-21 21:41:51,455 - INFO - DROP no_price: https://cellphones.com.vn/qua-tang-gel-duong-da-nha-dam-huong-dua-coba-300gr.html
2025-11-21 21:41:51,770 - INFO - DROP no_price: https://cellphones.com.vn/man-hinh-gaming-lg-ultragear-24gs65f-24-inch-cu-dep.html
2025-11-21 21:41:51,847 - INFO - DROP no_price: https://cellphones.com.vn/laptop-dell-15-dc15250-3g7t0-cu-dep.html
2025-11-21 21:41:51,869 - INFO - DROP no_price: https://cellphones.com.vn/laptop-msi-katana-15-b13udxk-2270vn-16gb-cu-dep.html
2025-11-21 21:41:51,895 - INFO - DROP no_price: https://cellphones.com.vn/laptop-samsung-galaxy-chromebook-go-xe310xda-ka1vn.html
2025-11-21 21:41:51,904 - INFO - DROP no_price: https://cellphones.com.vn/apple-macbook-air-13-m4-10cpu-8gpu-16gb-256gb-2025-cu-xuoc-can.html
2025-11-21 21:41:52,255 - INFO - DROP no_price: https://cellphones.com.vn/pin-sac-du-phong-mophie-essentials-snap-10000mah-co-chan-dung.html
2025-11-21 21:41:52,259 - INFO - DROP no_price: https://cellphones.com.vn/kinh-cuong-luc-oppo-find-x9-zeelot-solidsleek-full.html
2025-11-21 21:41:52,605 - INFO - DROP no_price: https://cellphones.com.vn/man-hinh-thong-minh-lg-32sr83u-w-32-inch-cu-da-kich-hoat.html
2025-11-21 21:41:52,609 - INFO - DROP no_price: https://cellphones.com.vn/laptop-lenovo-loq-15iax9e-83lk0079vn-cu-dep.html
2025-11-21 21:41:52,702 - INFO - DROP no_price: https://cellphones.com.vn/laptop-gigabyte-gaming-a16-ga6h-cvhi3vn893sh.html
2025-11-21 21:41:52,811 - INFO - DROP no_price: https://cellphones.com.vn/camera-ip-wifi-ngoai-troi-ezviz-h8c-pro-5mp-full-color-cu.html
2025-11-21 21:41:52,989 - INFO - DROP no_price: https://cellphones.com.vn/loa-bluetooth-havit-sk907bt.html
2025-11-21 21:41:53,182 - INFO - DROP no_price: https://cellphones.com.vn/may-tinh-bang-lenovo-tab-4gb-64gb-zaeh0147vn-kem-bao-da-cu-dep.html
2025-11-21 21:41:53,331 - INFO - DROP no_price: https://cellphones.com.vn/noi-chien-khong-dau-gaabor-af-80t01a-6-2-lit-cu.html
2025-11-21 21:41:53,363 - INFO - DROP no_price: https://cellphones.com.vn/laptop-hp-victus-15-fa1139tx-8y6w3pa-cu-xuoc-can.html
2025-11-21 21:41:53,421 - INFO - DROP no_price: https://cellphones.com.vn/pin-sac-du-phong-golf-10000mah-22-5w-p51.html
2025-11-21 21:41:53,484 - INFO - DROP no_price: https://cellphones.com.vn/may-in-laser-mau-brother-hl-3240cdw.html
2025-11-21 21:41:53,590 - INFO - DROP no_price: https://cellphones.com.vn/dong-ho-dinh-vi-tre-em-wonlex-kt34-cu-dep.html
2025-11-21 21:41:53,677 - INFO - DROP no_price: https://cellphones.com.vn/vivo-v40-5g-12gb-256gb-cu-dep.html
2025-11-21 21:41:53,906 - INFO - DROP no_price: https://cellphones.com.vn/camera-thang-may-hikvision-2mp-co-tieng-kem-dau-ghi.html
2025-11-21 21:41:54,122 - INFO - DROP no_price: https://cellphones.com.vn/dien-thoai-oppo-find-x8-256gb-cu-xuoc-can.html
2025-11-21 21:41:54,136 - INFO - DROP no_price: https://cellphones.com.vn/dich-vu-apple-care-plus-macbook-pro-m5.html
2025-11-21 21:41:54,163 - INFO - DROP no_price: https://cellphones.com.vn/laptop-asus-tuf-gaming-a15-fa506nf-hn005w-cu-xuoc-can.html
2025-11-21 21:41:54,430 - INFO - DROP no_price: https://cellphones.com.vn/laptop-acer-aspire-lite-14-al14-71m-52gq-nxj4asv001-cu-da-kich-hoat.html
2025-11-21 21:41:54,540 - INFO - DROP no_price: https://cellphones.com.vn/laptop-acer-gaming-predator-helios-16-ai-ph16-73-950c.html
2025-11-21 21:41:54,767 - INFO - DROP no_price: https://cellphones.com.vn/laptop-hp-245-g10-b8pf8at-cu-tray-xuoc.html
2025-11-21 21:41:54,777 - INFO - DROP no_price: https://cellphones.com.vn/laptop-lenovo-v14-g4-iah-83fr000uvn-cu-tray-xuoc.html
2025-11-21 21:41:54,786 - INFO - DROP no_price: https://cellphones.com.vn/apple-watch-ultra-2-2024-49mm-4g-titan-trail-ch-cu-dkh.html
2025-11-21 21:41:54,949 - INFO - DROP no_price: https://cellphones.com.vn/op-lung-sony-xperia-10-vii.html
2025-11-21 21:41:55,198 - INFO - DROP no_price: https://cellphones.com.vn/apple-watch-se-2-2024-40mm-4g-vien-nhom-day-cao-su-cu-dep.html
2025-11-21 21:41:55,257 - INFO - DROP no_price: https://cellphones.com.vn/pin-sac-du-phong-movespeed-25000mah-145w-2c1a-m25.html
2025-11-21 21:41:55,422 - INFO - DROP no_price: https://cellphones.com.vn/loa-bluetooth-tronsmart-bang-2-90w.html
2025-11-21 21:41:55,463 - INFO - DROP no_price: https://cellphones.com.vn/laptop-asus-vivobook-15-x1502va-bq886w-cu-xuoc-can.html
2025-11-21 21:41:55,629 - INFO - DROP no_price: https://cellphones.com.vn/xiaomi-poco-x3-nfc-6g-128gb-cu-tray-xuoc.html
2025-11-21 21:41:55,745 - INFO - DROP no_price: https://cellphones.com.vn/honor-x5-plus-cu-xuoc-can.html
2025-11-21 21:41:55,837 - INFO - DROP no_price: https://cellphones.com.vn/dien-thoai-samsung-galaxy-z-fold-7-5g-12gb-256gb-cu-xuoc-can.html
2025-11-21 21:41:55,980 - INFO - DROP no_price: https://cellphones.com.vn/tram-sac-du-phong-ecoflow-trail-300-dc-288wh-300w.html
2025-11-21 21:41:56,160 - INFO - DROP no_price: https://cellphones.com.vn/tay-cam-chong-rung-dji-om-7-cu-da-kich-hoat.html
2025-11-21 21:41:56,213 - INFO - DROP no_price: https://cellphones.com.vn/laptop-samsung-galaxy-chromebook-go-xe340xda-ka1vn.html
2025-11-21 21:41:56,224 - INFO - DROP no_price: https://cellphones.com.vn/laptop-gaming-acer-nitro-5-an515-58-5193-cu-xuoc-can.html
2025-11-21 21:41:56,427 - INFO - DROP no_price: https://cellphones.com.vn/dien-thoai-samsung-galaxy-z-flip-7-5g-12gb-256gb-cu-tray-xuoc.html
2025-11-21 21:41:56,661 - INFO - DROP no_price: https://cellphones.com.vn/cu-sac-belkin-boostcharge-pro-70w-2c1a-gan-pd3-1.html
2025-11-21 21:41:56,669 - INFO - DROP no_price: https://cellphones.com.vn/apple-watch-series-11-46mm-size-m-l-cu-da-kich-hoat.html
2025-11-21 21:41:56,733 - INFO - DROP no_price: https://cellphones.com.vn/masstel-tab-10-edu-4g-cu-dep.html
2025-11-21 21:41:57,008 - INFO - DROP no_price: https://cellphones.com.vn/dien-thoai-poco-x7-pro-5g-12gb-256gb-cu-xuoc-can.html
2025-11-21 21:41:57,026 - INFO - DROP no_price: https://cellphones.com.vn/macbook-air-13-m4-10cpu-10gpu-24gb-512gb-2025-70w-ch-cu-dkh.html
2025-11-21 21:41:57,084 - INFO - DROP no_price: https://cellphones.com.vn/op-lung-xiaomi-15t-mipow-soft-transparent.html
2025-11-21 21:41:57,194 - INFO - DROP no_price: https://cellphones.com.vn/cap-belkin-hdmi-1-4-4k-120hz-dau-nickel-2m.html
2025-11-21 21:41:57,241 - INFO - DROP no_price: https://cellphones.com.vn/laptop-msi-modern-15-h-c2rmg-287vn.html
2025-11-21 21:41:57,528 - INFO - DROP no_price: https://cellphones.com.vn/may-tinh-bang-huawei-matepad-11-5-inch-6gb-128gb-khong-ban-phim.html
2025-11-21 21:41:57,543 - INFO - DROP no_price: https://cellphones.com.vn/mainboard-asus-prime-b860m-k-ddr5.html
2025-11-21 21:41:57,647 - INFO - DROP no_price: https://cellphones.com.vn/laptop-msi-gaming-thin-a15-b7ucx-020vn-cu-tray-xuoc.html
2025-11-21 21:41:57,860 - INFO - DROP no_price: https://cellphones.com.vn/laptop-lenovo-legion-7-16iax10-83ky001uvn-cu-da-kich-hoat.html
2025-11-21 21:41:58,188 - INFO - DROP no_price: https://cellphones.com.vn/vivo-v60-5g-12gb-256gb-cu-tray-xuoc.html
2025-11-21 21:41:58,221 - INFO - DROP no_price: https://cellphones.com.vn/may-massage-co-vai-gay-philips-ppm3306-cu.html
2025-11-21 21:41:58,281 - INFO - DROP no_price: https://cellphones.com.vn/kinh-cuong-luc-xiaomi-poco-x7-pro-mipow-full.html
2025-11-21 21:41:58,358 - INFO - DROP no_price: https://cellphones.com.vn/ipad-pro-m4-11-inch-512gb-5g-ch-cu-da-kich-hoat.html
2025-11-21 21:41:58,517 - INFO - DROP no_price: https://cellphones.com.vn/dien-thoai-meizu-mblu-note-21-pro-cu-da-kich-hoat.html
2025-11-21 21:41:58,536 - INFO - DROP no_price: https://cellphones.com.vn/pin-sac-du-dong-stargo-gem-power-20000mah-22-5w.html
2025-11-21 21:41:58,587 - INFO - DROP no_price: https://cellphones.com.vn/laptop-asus-rog-strix-g16-g614ju-n3777w-cu-tray-xuoc.html
2025-11-21 21:41:58,647 - INFO - DROP no_price: https://cellphones.com.vn/rog-xbox-ally-x-cu-dep.html
2025-11-21 21:41:58,938 - INFO - DROP no_price: https://cellphones.com.vn/he-thong-mesh-wifi-6-tp-link-deco-x10-ax1500-2-pack.html
2025-11-21 21:41:59,131 - INFO - DROP no_price: https://cellphones.com.vn/dich-vu-apple-care-plus-ipad-pro-11-inch-m5.html
2025-11-21 21:41:59,178 - INFO - DROP no_price: https://cellphones.com.vn/dong-ho-dinh-vi-tre-em-myalo-k64-cu-tray-xuoc.html
2025-11-21 21:41:59,272 - INFO - DROP no_price: https://cellphones.com.vn/man-hinh-gaming-lg-ultragear-24gs60f-b-24-inch-cu-da-kich-hoat.html
2025-11-21 21:41:59,472 - INFO - DROP no_price: https://cellphones.com.vn/apple-watch-ultra-2-2024-49mm-4g-vien-titan-day-alpine-m-cu-dep.html
2025-11-21 21:41:59,548 - INFO - DROP no_price: https://cellphones.com.vn/pin-sac-du-phong-movespeed-70000mah-145w-2c2a-z70promax.html
2025-11-21 21:41:59,563 - INFO - DROP no_price: https://cellphones.com.vn/apple-watch-u2-2023-49mm-4g-titan-vai-alpine-trung-cu-tray-xuoc.html
2025-11-21 21:41:59,892 - INFO - DROP no_price: https://cellphones.com.vn/pin-sac-du-phong-baseus-airpow-fast-charge-10000mah-20w.html
2025-11-21 21:41:59,892 - INFO - DROP no_price: https://cellphones.com.vn/pin-sac-du-phong-cuktech-10-dual-fusion-2c-9000mah-90w-ba652u.html
2025-11-21 21:42:00,015 - INFO - DROP no_price: https://cellphones.com.vn/loa-bluetooth-tronsmart-trip-2-10w.html
2025-11-21 21:42:00,053 - INFO - DROP no_price: https://cellphones.com.vn/op-lung-xiaomi-15t-pro-mipow-transparent-clear.html
2025-11-21 21:42:00,110 - INFO - DROP no_price: https://cellphones.com.vn/pin-sac-du-phong-robot-10000mah-15w-tich-hop-cap-type-c-rt102.html
2025-11-21 21:42:00,442 - INFO - DROP no_price: https://cellphones.com.vn/op-lung-xiaomi-15t-pro-mipow-soft-transparent.html
2025-11-21 21:42:00,572 - INFO - DROP no_price: https://cellphones.com.vn/vivo-x70-pro-plus-5g-12gb-256gb-cu-tray-xuoc.html
2025-11-21 21:42:00,606 - INFO - DROP no_price: https://cellphones.com.vn/laptop-acer-aspire-go-15-ag15-72p-776j.html
2025-11-21 21:42:00,737 - INFO - DROP no_price: https://cellphones.com.vn/laptop-hp-envy-x360-14-fa0047au-a19bppa-cu-dep.html
2025-11-21 21:42:00,979 - INFO - DROP no_price: https://cellphones.com.vn/may-cao-rau-enchen-mini-x-cu.html
2025-11-21 21:42:01,061 - INFO - DROP no_price: https://cellphones.com.vn/laptop-dell-15-dc15250-h02df-cu-da-kich-hoat.html
2025-11-21 21:42:01,155 - INFO - DROP no_price: https://cellphones.com.vn/dien-thoai-xiaomi-15-cu-xuoc-can.html
2025-11-21 21:42:01,319 - INFO - DROP no_price: https://cellphones.com.vn/dien-thoai-xiaomi-15-5g-12gb-512gb-cu-tray-xuoc.html
2025-11-21 21:42:01,378 - INFO - DROP no_price: https://cellphones.com.vn/may-anh-fujifilm-x100vi.html
2025-11-21 21:42:01,393 - INFO - DROP no_price: https://cellphones.com.vn/ipad-air-m3-11-inch-5g-128gb-2025-cu-xuoc-can.html
2025-11-21 21:42:01,489 - INFO - DROP no_price: https://cellphones.com.vn/hub-chuyen-doi-hyperdrive-type-c-5-in-1-hd34a6.html
2025-11-21 21:42:01,647 - INFO - DROP no_price: https://cellphones.com.vn/laptop-asus-vivobook-15-x1504za-nj1546w-cu-tray-xuoc.html
2025-11-21 21:42:01,838 - INFO - DROP no_price: https://cellphones.com.vn/laptop-gaming-acer-nitro-v-anv15-41-r7ap-cu-tray-xuoc.html
2025-11-21 21:42:01,851 - INFO - DROP no_price: https://cellphones.com.vn/laptop-msi-venture-14-ai-a1mg-005vn-cu-da-kich-hoat.html
2025-11-21 21:42:01,856 - INFO - DROP no_price: https://cellphones.com.vn/pin-sac-du-phong-movespeed-20000mah-65w-1a1c-msp14.html
2025-11-21 21:42:02,265 - INFO - DROP no_price: https://cellphones.com.vn/kinh-cuong-luc-xiaomi-redmi-15c-full.html
2025-11-21 21:42:02,511 - INFO - DROP no_price: https://cellphones.com.vn/gia-treo-tivi-di-dong-gl-g1800-1p.html
2025-11-21 21:42:02,617 - INFO - DROP no_price: https://cellphones.com.vn/camera-thang-may-dahua-4mp-co-tieng-kem-dau-ghi.html
2025-11-21 21:42:02,658 - INFO - DROP no_price: https://cellphones.com.vn/laptop-acer-swift-x-ai-oled-sfx14-72g-79uw.html
2025-11-21 21:42:02,698 - INFO - DROP no_price: https://cellphones.com.vn/pin-sac-du-phong-xiaomi-lite-2a1c-10000mah-22-5w-bhr9350gl.html
2025-11-21 21:42:02,708 - INFO - DROP no_price: https://cellphones.com.vn/dien-thoai-honor-play-10-4gb-128gb.html
2025-11-21 21:42:02,831 - INFO - DROP no_price: https://cellphones.com.vn/macbook-air-15-m3-24gb-512gb-2024-35w-cu-dep.html
2025-11-21 21:42:02,992 - INFO - DROP no_price: https://cellphones.com.vn/laptop-msi-cyborg-15-b13wekg-676vn.html
2025-11-21 21:42:03,039 - INFO - DROP no_price: https://cellphones.com.vn/loa-bluetooth-havit-sk810bt.html
2025-11-21 21:42:03,240 - INFO - DROP no_price: https://cellphones.com.vn/samsung-galaxy-watch-ultra-2025-cu-da-kich-hoat.html
2025-11-21 21:42:03,278 - INFO - DROP no_price: https://cellphones.com.vn/may-tinh-bang-honor-pad-x7-cu-da-kich-hoat.html
2025-11-21 21:42:03,429 - INFO - DROP no_price: https://cellphones.com.vn/dong-ho-thong-minh-garmin-forerunner-970-cu-da-kich-hoat.html
2025-11-21 21:42:03,560 - INFO - DROP no_price: https://cellphones.com.vn/laptop-acer-swift-x-sfx14-71g-78sy.html
2025-11-21 21:42:03,990 - INFO - DROP no_price: https://cellphones.com.vn/laptop-asus-vivoboook-s-14-oled-s5406ma-pp046ws-16gb-cu-da-kich-hoat.html
2025-11-21 21:42:04,086 - INFO - DROP no_price: https://cellphones.com.vn/man-hinh-philips-27e2g2200-27-inch-cu-da-kich-hoat.html
2025-11-21 21:42:04,098 - INFO - DROP no_price: https://cellphones.com.vn/kinh-cuong-luc-oppo-find-x9-pro-zeelot-solidsleek-full.html
2025-11-21 21:42:04,137 - INFO - DROP no_price: https://cellphones.com.vn/cap-innostyle-digipower-type-c-to-c-pd-100w-cc1001.html
2025-11-21 21:42:04,224 - INFO - DROP no_price: https://cellphones.com.vn/hub-chuyen-doi-hyperdrive-bar-type-c-6-in-1-hd22e.html
2025-11-21 21:42:04,297 - INFO - DROP no_price: https://cellphones.com.vn/pin-sac-du-phong-innostyle-magslim-premium-10-000mah-ims10.html
2025-11-21 21:42:04,389 - INFO - DROP no_price: https://cellphones.com.vn/apple-watch-series-9-41mm-4g-vien-nhom-day-vai-ch-cu-dkh.html
2025-11-21 21:42:04,443 - INFO - DROP no_price: https://cellphones.com.vn/op-lung-xiaomi-15t-mipow-transparent-clear.html
2025-11-21 21:42:04,555 - INFO - DROP no_price: https://cellphones.com.vn/laptop-acer-swift-x-ai-oled-sfx14-72g-708x.html
2025-11-21 21:42:04,823 - INFO - DROP no_price: https://cellphones.com.vn/loa-vi-tinh-edifier-s450db.html
2025-11-21 21:42:05,050 - INFO - DROP no_price: https://cellphones.com.vn/may-tinh-bang-lenovo-idea-tab-pro-kem-but-ban-phim-cu-tray-xuoc.html
2025-11-21 21:42:05,109 - INFO - DROP no_price: https://cellphones.com.vn/iphone-16-512gb-cu-dep.html
2025-11-21 21:42:05,226 - INFO - DROP no_price: https://cellphones.com.vn/op-lung-iphone-16e-15-13-14-mutural-silicon-with-magsafe.html
2025-11-21 21:42:05,449 - INFO - DROP no_price: https://cellphones.com.vn/apple-macbook-air-15-m4-10cpu-10gpu-24gb-512gb-2025-ch-cu-dkh.html
2025-11-21 21:42:05,555 - INFO - DROP no_price: https://cellphones.com.vn/combo-camera-hanh-dong-dji-action-4-ch-cu-da-kich-hoat.html
2025-11-21 21:42:05,583 - INFO - DROP no_price: https://cellphones.com.vn/laptop-dell-inspiron-15-3520-6r6nk-cu-xuoc-can.html
2025-11-21 21:42:05,671 - INFO - DROP no_price: https://cellphones.com.vn/laptop-acer-aspire-go-14-ag14-72p-563l.html
2025-11-21 21:42:05,682 - INFO - DROP no_price: https://cellphones.com.vn/man-hinh-dell-ultrasharp-p2723qe-27-inch-cu-dep.html
2025-11-21 21:42:05,777 - INFO - DROP no_price: https://cellphones.com.vn/may-in-brother-dcp-t230.html
2025-11-21 21:42:05,798 - INFO - DROP no_price: https://cellphones.com.vn/laptop-hp-14-ep0220tu-b73vwpa-16gb-cu-tray-xuoc.html
2025-11-21 21:42:05,932 - INFO - DROP no_price: https://cellphones.com.vn/cu-sac-belkin-boostcharge-pro-108w-2c2a-gan-pd-pps.html
2025-11-21 21:42:06,300 - INFO - DROP no_price: https://cellphones.com.vn/man-hinh-gaming-samsung-odyssey-g3-g30d-ls24dg302eexxv-24-inch-cu-da-kich-hoat.html
2025-11-21 21:42:06,332 - INFO - DROP no_price: https://cellphones.com.vn/dien-thoai-tecno-spark-40-cu-dep.html
2025-11-21 21:42:06,542 - INFO - DROP no_price: https://cellphones.com.vn/laptop-hp-15-fd0083tu-8d736pa-cu-da-kich-hoat.html
2025-11-21 21:42:06,754 - INFO - DROP no_price: https://cellphones.com.vn/may-tinh-bang-teclast-p30-wifi-cu-dep.html
2025-11-21 21:42:06,884 - INFO - DROP no_price: https://cellphones.com.vn/laptop-acer-aspire-go-14-ai-ag14-71m-57wr-cu-da-kich-hoat.html
2025-11-21 21:42:06,893 - INFO - DROP no_price: https://cellphones.com.vn/apple-watch-se-2-2024-40mm-vien-nhom-day-cao-su-size-m-l-ch-cu-da-kich-hoat.html
2025-11-21 21:42:06,903 - INFO - DROP no_price: https://cellphones.com.vn/laptop-lenovo-loq-essential-15irx11-83sc003rvn.html
2025-11-21 21:42:06,987 - INFO - DROP no_price: https://cellphones.com.vn/laptop-dell-vostro-3530-2h1tpi3-cu-da-kich-hoat.html
2025-11-21 21:42:06,987 - INFO - DROP no_price: https://cellphones.com.vn/iphone-16-256gb-cu-xuoc-can.html
2025-11-21 21:42:07,165 - INFO - DROP no_price: https://cellphones.com.vn/cap-hyperjuice-type-c-to-c-240w-2m.html
2025-11-21 21:42:07,183 - INFO - DROP no_price: https://cellphones.com.vn/dong-ho-thong-minh-coros-apex-4.html
2025-11-21 21:42:07,388 - INFO - DROP no_price: https://cellphones.com.vn/dien-thoai-infinix-hot-40i-8gb-256gb-cu-xuoc-can.html
2025-11-21 21:42:07,614 - INFO - DROP no_price: https://cellphones.com.vn/man-hinh-cong-msi-pro-mp341cq-cu-dep.html
2025-11-21 21:42:07,725 - INFO - DROP no_price: https://cellphones.com.vn/camera-thang-may-dahua-2mp-co-tieng.html
2025-11-21 21:42:08,127 - INFO - DROP no_price: https://cellphones.com.vn/dong-ho-thong-minh-coros-nomad.html
2025-11-21 21:42:08,161 - INFO - DROP no_price: https://cellphones.com.vn/op-lung-samsung-galaxy-z-fold7-pitaka-ultra-slim.html
2025-11-21 21:42:08,187 - INFO - DROP no_price: https://cellphones.com.vn/tai-nghe-chup-tai-gaming-edifier-cc300.html
2025-11-21 21:42:08,266 - INFO - DROP no_price: https://cellphones.com.vn/pin-sac-du-phong-movespeed-10000mah-22-5w-q10plus.html
2025-11-21 21:42:08,277 - INFO - DROP no_price: https://cellphones.com.vn/dich-vu-apple-care-plus-ipad-pro-13-inch-m5.html
2025-11-21 21:42:08,332 - INFO - DROP no_price: https://cellphones.com.vn/bo-sac-baseus-enercore-3c-67w-kem-cap-usb-c-rut-gon-cj11.html
2025-11-21 21:42:08,381 - INFO - DROP no_price: https://cellphones.com.vn/cap-hyperdrive-touch-type-c-to-lightning-30w-mfi.html
2025-11-21 21:42:08,458 - INFO - DROP no_price: https://cellphones.com.vn/apple-ipad-pro-11-2020-4g-256-gb-cu-tray-xuoc.html
2025-11-21 21:42:08,562 - INFO - DROP no_price: https://cellphones.com.vn/hub-chuyen-doi-hyperdrive-ultimate-type-c-11-in-1-gn30b.html
2025-11-21 21:42:08,835 - INFO - DROP no_price: https://cellphones.com.vn/laptop-acer-aspire-lite-15-al15-42p-r8e6.html
2025-11-21 21:42:08,937 - INFO - DROP no_price: https://cellphones.com.vn/op-airpods-4-uag-scout.html
2025-11-21 21:42:09,005 - INFO - DROP no_price: https://cellphones.com.vn/oppo-a5-pro-5g-8gb-256gb-cu-dep.html
2025-11-21 21:42:09,006 - INFO - [cellphones] Parse ok: 13, drop: 287
2025-11-21 21:42:09,006 - INFO - Đang crawl site: thegioididong
2025-11-21 21:46:48,861 - INFO - [thegioididong] từ sitemap: 0 URL sản phẩm
